Arguments: 
  C:\Program Files\nodejs\node.exe C:\Users\Thiago\AppData\Roaming\npm\node_modules\yarn\bin\yarn.js init --y

PATH: 
  C:\Users\Thiago\bin;C:\Program Files\Git\mingw64\bin;C:\Program Files\Git\usr\local\bin;C:\Program Files\Git\usr\bin;C:\Program Files\Git\usr\bin;C:\Program Files\Git\mingw64\bin;C:\Program Files\Git\usr\bin;C:\Users\Thiago\bin;C:\Program Files\Amazon Corretto\jdk11.0.10_9\bin;C:\Program Files\Common Files\Oracle\Java\javapath;C:\WINDOWS\system32;C:\WINDOWS;C:\WINDOWS\System32\Wbem;C:\WINDOWS\System32\WindowsPowerShell\v1.0;C:\WINDOWS\System32\OpenSSH;C:\Program Files\SourceGear\Common\DiffMerge;C:\Program Files\nodejs;C:\Program Files\MongoDB\Tools\100\bin;C:\Program Files\MongoDB\Server\5.0\bin;C:\Program Files\Git\cmd;C:\Users\Thiago\AppData\Local\Microsoft\WindowsApps;C:\Users\Thiago\AppData\Local\Programs\Microsoft VS Code\bin;C:\Users\Thiago\AppData\Roaming\npm;C:\Users\Thiago\AppData\Local\GitHubDesktop\bin;C:\Program Files\Git\usr\bin\vendor_perl;C:\Program Files\Git\usr\bin\core_perl

Yarn version: 
  1.22.17

Node version: 
  17.1.0

Platform: 
  win32 x64

Trace: 
  Error: Can't answer a question unless a user TTY
      at ConsoleReporter.question (C:\Users\Thiago\AppData\Roaming\npm\node_modules\yarn\lib\cli.js:96935:59)
      at Object.<anonymous> (C:\Users\Thiago\AppData\Roaming\npm\node_modules\yarn\lib\cli.js:89125:38)
      at Generator.next (<anonymous>)
      at step (C:\Users\Thiago\AppData\Roaming\npm\node_modules\yarn\lib\cli.js:310:30)
      at C:\Users\Thiago\AppData\Roaming\npm\node_modules\yarn\lib\cli.js:321:13
      at processTicksAndRejections (node:internal/process/task_queues:96:5)

npm manifest: 
  No manifest

yarn manifest: 
  No manifest

Lockfile: 
  # THIS IS AN AUTOGENERATED FILE. DO NOT EDIT THIS FILE DIRECTLY.
  # yarn lockfile v1
